<?xml version="1.0" encoding="UTF-8"?>
<testsuite name="tests.demoqaPageObjects" tests="1" skipped="0" failures="0" errors="0" timestamp="2025-07-15T05:21:51" hostname="HOME-PC" time="7.175">
  <properties/>
  <testcase name="successfulSearchTest()" classname="tests.demoqaPageObjects" time="7.175"/>
  <system-out><![CDATA[]]></system-out>
  <system-err><![CDATA[[Test worker] INFO com.codeborne.selenide.impl.WebDriverThreadLocalContainer - No webdriver is bound to current thread: 1 - let's create a new webdriver
[Test worker] INFO com.codeborne.selenide.impl.FileHelper - Creating folder: C:\Users\Andrey\IdeaProjects\newProjectOnlyTest\build\downloads\1752556911782_4732_1
июл. 15, 2025 12:21:52 PM org.openqa.selenium.devtools.CdpVersionFinder findNearestMatch
WARNING: Unable to find CDP implementation matching 138
июл. 15, 2025 12:21:52 PM org.openqa.selenium.chromium.ChromiumDriver lambda$new$5
WARNING: Unable to find version of CDP to use for 138.0.7204.101. You may need to include a dependency on a specific version of the CDP using something similar to `org.seleniumhq.selenium:selenium-devtools-v86:4.17.0` where the version ("v86") matches the version of the chromium-based browser you're using and the version number of the artifact is the same as Selenium's.
[Test worker] INFO com.codeborne.selenide.webdriver.WebDriverFactory - BrowserName=chrome Version=138.0.7204.101 Platform=windows
[Test worker] INFO com.codeborne.selenide.webdriver.WebDriverFactory - Selenide v. 7.1.0
[Test worker] INFO com.codeborne.selenide.webdriver.WebDriverFactory - Selenium WebDriver v. 4.17.0 build revision: e52b1be057*
[Test worker] INFO com.codeborne.selenide.drivercommands.CreateDriverCommand - Created webdriver in thread 1: ChromeDriver -> ChromeDriver: chrome on windows (e1880285b9529c30a0e149c5c36df14c), downloadsFolder: C:\Users\Andrey\IdeaProjects\newProjectOnlyTest\build\downloads\1752556911782_4732_1
[Test worker] INFO com.codeborne.selenide.drivercommands.DisposablesRegistry - Register WebDriverInstance[config=StaticConfig, webDriver=ChromeDriver: chrome on windows (e1880285b9529c30a0e149c5c36df14c), proxy=null, downloadsFolder=C:\Users\Andrey\IdeaProjects\newProjectOnlyTest\build\downloads\1752556911782_4732_1] in 1 [size=1]
[Test worker] INFO com.codeborne.selenide.drivercommands.DisposablesRegistry - Add shutdown hook in 1 [size=1]
]]></system-err>
</testsuite>
